<?xml version="1.0" encoding="UTF-8"?>
<!-- Generated by org.testng.reporters.JUnitReportReporter -->
<testsuite hostname="DESKTOP-68BCR7S" failures="0" tests="4" name="com.sgtesting.calculator.testcases.DivisionTestcases" time="0.014" errors="0" timestamp="2023-04-12T09:22:13 IST" skipped="0">
  <testcase classname="com.sgtesting.calculator.testcases.DivisionTestcases" name="divideTwoNegativeNumbers" time="0.005"/>
  <system-out/>
  <testcase classname="com.sgtesting.calculator.testcases.DivisionTestcases" name="dividePositiveAndNegativeNumbers" time="0.003"/>
  <system-out/>
  <testcase classname="com.sgtesting.calculator.testcases.DivisionTestcases" name="dividePositiveAndOneNumbers" time="0.003"/>
  <system-out/>
  <testcase classname="com.sgtesting.calculator.testcases.DivisionTestcases" name="divideTwoPositiveNumbers" time="0.003"/>
  <system-out/>
</testsuite> <!-- com.sgtesting.calculator.testcases.DivisionTestcases -->
