<?xml version="1.0" encoding="UTF-8"?>
<!-- Generated by org.testng.reporters.JUnitReportReporter -->
<testsuite hostname="DESKTOP-68BCR7S" failures="0" tests="4" name="com.sgtesting.calculator.testcases.AdditionTestcases" time="0.029" errors="0" timestamp="2023-04-12T09:22:13 IST" skipped="0">
  <testcase classname="com.sgtesting.calculator.testcases.AdditionTestcases" name="addPositiveAndZeroNumbers" time="0.004"/>
  <system-out/>
  <testcase classname="com.sgtesting.calculator.testcases.AdditionTestcases" name="addPositiveAndNegativeNumbers" time="0.014"/>
  <system-out/>
  <testcase classname="com.sgtesting.calculator.testcases.AdditionTestcases" name="addTwoNegativeNumbers" time="0.009"/>
  <system-out/>
  <testcase classname="com.sgtesting.calculator.testcases.AdditionTestcases" name="addTwoPositiveNumbers" time="0.002"/>
  <system-out/>
</testsuite> <!-- com.sgtesting.calculator.testcases.AdditionTestcases -->
