<?xml version="1.0" encoding="UTF-8"?>
<!-- Generated by org.testng.reporters.JUnitReportReporter -->
<testsuite skipped="1" hostname="DESKTOP-4G9K0JT" name="com.sgtesting.testcases.testsuite.DriverScript" tests="1" failures="0" timestamp="2023-05-30T13:34:28 IST" time="0.000" errors="0">
  <testcase name="feature" time="0.000" classname="com.sgtesting.testcases.testsuite.DriverScript">
    <skipped/>
  </testcase> <!-- feature -->
  <system-out/>
</testsuite> <!-- com.sgtesting.testcases.testsuite.DriverScript -->
