<?xml version="1.0" encoding="UTF-8"?>
<!-- Generated by org.testng.reporters.JUnitReportReporter -->
<testsuite skipped="0" hostname="DESKTOP-4G9K0JT" name="com.sgtesting.pojo.testcases.UserTestCase" tests="1" failures="0" timestamp="2023-05-22T06:37:22 IST" time="5.283" errors="0">
  <testcase name="createUser" time="5.283" classname="com.sgtesting.pojo.testcases.UserTestCase"/>
  <system-out/>
</testsuite> <!-- com.sgtesting.pojo.testcases.UserTestCase -->
