<?xml version="1.0" encoding="UTF-8"?>
<!-- Generated by org.testng.reporters.JUnitReportReporter -->
<testsuite skipped="0" hostname="DESKTOP-4G9K0JT" name="com.sgtesting.Users.User1" tests="1" failures="0" timestamp="2023-05-22T07:38:27 IST" time="1.138" errors="0">
  <testcase name="createUser" time="1.138" classname="com.sgtesting.Users.User1"/>
  <system-out/>
</testsuite> <!-- com.sgtesting.Users.User1 -->
