<?xml version="1.0" encoding="UTF-8"?>
<!-- Generated by org.testng.reporters.JUnitReportReporter -->
<testsuite skipped="0" hostname="DESKTOP-4G9K0JT" name="com.sgtesting.Users.User" tests="5" failures="0" timestamp="2023-05-22T13:55:27 IST" time="2.036" errors="0">
  <testcase name="createUser" time="1.886" classname="com.sgtesting.Users.User"/>
  <system-out/>
  <testcase name="displayParticularUser" time="0.045" classname="com.sgtesting.Users.User"/>
  <system-out/>
  <testcase name="modifyUser" time="0.041" classname="com.sgtesting.Users.User"/>
  <system-out/>
  <testcase name="displayParticularmodifyUser" time="0.027" classname="com.sgtesting.Users.User"/>
  <system-out/>
  <testcase name="deletemodifyUser" time="0.037" classname="com.sgtesting.Users.User"/>
  <system-out/>
</testsuite> <!-- com.sgtesting.Users.User -->
