<?xml version="1.0" encoding="UTF-8"?>
<!-- Generated by org.testng.reporters.JUnitReportReporter -->
<testsuite skipped="0" hostname="DESKTOP-4G9K0JT" name="com.sgtesting.tests.Sample" tests="2" failures="0" timestamp="2023-05-03T14:00:50 IST" time="0.006" errors="0">
  <testcase name="method1" time="0.005" classname="com.sgtesting.tests.Sample"/>
  <system-out/>
  <testcase name="method2" time="0.001" classname="com.sgtesting.tests.Sample"/>
  <system-out/>
</testsuite> <!-- com.sgtesting.tests.Sample -->
