<?xml version="1.0" encoding="UTF-8"?>
<!-- Generated by org.testng.reporters.JUnitReportReporter -->
<testsuite hostname="DESKTOP-4G9K0JT" failures="0" tests="2" name="com.sgtesting.SoftAssertion.AssertEqualsDemo" time="0.009" errors="0" timestamp="2023-04-06T22:20:14 IST" skipped="1">
  <testcase classname="com.sgtesting.SoftAssertion.AssertEqualsDemo" name="assertNotEqualsTesting" time="0.009"/>
  <system-out/>
  <testcase classname="com.sgtesting.SoftAssertion.AssertEqualsDemo" name="assertEqualsTesting">
    <skipped/>
  </testcase> <!-- assertEqualsTesting -->
  <system-out/>
</testsuite> <!-- com.sgtesting.SoftAssertion.AssertEqualsDemo -->
