<?xml version="1.0" encoding="UTF-8"?>
<!-- Generated by org.testng.reporters.JUnitReportReporter -->
<testsuite hostname="DESKTOP-4G9K0JT" failures="0" tests="4" name="com.sgtesting.Groups.TestNGCases" time="0.010" errors="0" timestamp="2023-04-23T13:19:49 IST" skipped="0">
  <testcase classname="com.sgtesting.Groups.TestNGCases" name="method2" time="0.001"/>
  <system-out/>
  <testcase classname="com.sgtesting.Groups.TestNGCases" name="method3" time="0.001"/>
  <system-out/>
  <testcase classname="com.sgtesting.Groups.TestNGCases" name="mathod1" time="0.007"/>
  <system-out/>
  <testcase classname="com.sgtesting.Groups.TestNGCases" name="method4" time="0.001"/>
  <system-out/>
</testsuite> <!-- com.sgtesting.Groups.TestNGCases -->
