<?xml version="1.0" encoding="UTF-8"?>
<!-- Generated by org.testng.reporters.JUnitReportReporter -->
<testsuite hostname="DESKTOP-4G9K0JT" failures="0" tests="2" name="com.sgtesting.HardAssertion.AssertNullDemo" time="0.010" errors="0" timestamp="2023-04-11T13:33:28 IST" skipped="1">
  <testcase classname="com.sgtesting.HardAssertion.AssertNullDemo" name="assertNotNullTesting" time="0.010"/>
  <system-out/>
  <testcase classname="com.sgtesting.HardAssertion.AssertNullDemo" name="assertNullTesting">
    <skipped/>
  </testcase> <!-- assertNullTesting -->
  <system-out/>
</testsuite> <!-- com.sgtesting.HardAssertion.AssertNullDemo -->
