<?xml version="1.0" encoding="UTF-8"?>
<!-- Generated by org.testng.reporters.JUnitReportReporter -->
<testsuite hostname="DESKTOP-4G9K0JT" failures="0" tests="2" name="com.sgtesting.SoftAssertion.AssertsameDemo" time="0.008" errors="0" timestamp="2023-04-06T22:56:17 IST" skipped="1">
  <testcase classname="com.sgtesting.SoftAssertion.AssertsameDemo" name="assertNotSameTesting" time="0.008"/>
  <system-out/>
  <testcase classname="com.sgtesting.SoftAssertion.AssertsameDemo" name="assertSameTesting">
    <skipped/>
  </testcase> <!-- assertSameTesting -->
  <system-out/>
</testsuite> <!-- com.sgtesting.SoftAssertion.AssertsameDemo -->
