<?xml version="1.0" encoding="UTF-8"?>
<!-- Generated by org.testng.reporters.JUnitReportReporter -->
<testsuite hostname="DESKTOP-4G9K0JT" failures="0" tests="3" name="com.sgtesting.products.product" time="0.002" errors="0" timestamp="2023-07-05T11:30:06 IST" skipped="0">
  <testcase classname="com.sgtesting.products.product" name="deleteproduct" time="0.000"/>
  <system-out/>
  <testcase classname="com.sgtesting.products.product" name="createproduct" time="0.001"/>
  <system-out/>
  <testcase classname="com.sgtesting.products.product" name="modifyproduct" time="0.001"/>
  <system-out/>
</testsuite> <!-- com.sgtesting.products.product -->
