<?xml version="1.0" encoding="UTF-8"?>
<!-- Generated by org.testng.reporters.JUnitReportReporter -->
<testsuite hostname="DESKTOP-4G9K0JT" failures="0" tests="3" name="com.sgtesting.Groups.DataProviderDemo" time="0.004" errors="0" timestamp="2023-04-11T15:13:03 IST" skipped="0">
  <testcase classname="com.sgtesting.Groups.DataProviderDemo" name="testingData" time="0.000"/>
  <system-out/>
  <testcase classname="com.sgtesting.Groups.DataProviderDemo" name="testingData" time="0.004"/>
  <system-out/>
  <testcase classname="com.sgtesting.Groups.DataProviderDemo" name="testingData" time="0.000"/>
  <system-out/>
</testsuite> <!-- com.sgtesting.Groups.DataProviderDemo -->
