<?xml version="1.0" encoding="UTF-8"?>
<!-- Generated by org.testng.reporters.JUnitReportReporter -->
<testsuite hostname="DESKTOP-4G9K0JT" failures="0" tests="4" name="com.sgtesting.parameterization.Users" time="0.013" errors="0" timestamp="2023-04-11T12:52:44 IST" skipped="0">
  <testcase classname="com.sgtesting.parameterization.Users" name="createUser" time="0.007"/>
  <system-out/>
  <testcase classname="com.sgtesting.parameterization.Users" name="deleteUser" time="0.002"/>
  <system-out/>
  <testcase classname="com.sgtesting.parameterization.Users" name="createuser" time="0.001"/>
  <system-out/>
  <testcase classname="com.sgtesting.parameterization.Users" name="modifyUser" time="0.003"/>
  <system-out/>
</testsuite> <!-- com.sgtesting.parameterization.Users -->
