<?xml version="1.0" encoding="UTF-8"?>
<!-- Generated by org.testng.reporters.JUnitReportReporter -->
<testsuite hostname="DESKTOP-4G9K0JT" failures="0" tests="2" name="com.sgtesting.SoftAssertion.AssertConditionDemo" time="0.008" errors="0" timestamp="2023-04-06T22:31:33 IST" skipped="1">
  <testcase classname="com.sgtesting.SoftAssertion.AssertConditionDemo" name="assertFalseTesting" time="0.008"/>
  <system-out/>
  <testcase classname="com.sgtesting.SoftAssertion.AssertConditionDemo" name="assertTrueTesting">
    <skipped/>
  </testcase> <!-- assertTrueTesting -->
  <system-out/>
</testsuite> <!-- com.sgtesting.SoftAssertion.AssertConditionDemo -->
