<?xml version="1.0" encoding="UTF-8"?>
<!-- Generated by org.testng.reporters.JUnitReportReporter -->
<testsuite hostname="DESKTOP-4G9K0JT" failures="0" tests="2" name="com.sgtesting.HardAssertion.AssertSameDemo" time="0.008" errors="0" timestamp="2023-04-11T13:40:21 IST" skipped="1">
  <testcase classname="com.sgtesting.HardAssertion.AssertSameDemo" name="assertNotSameTesting" time="0.008"/>
  <system-out/>
  <testcase classname="com.sgtesting.HardAssertion.AssertSameDemo" name="assertSameTesting">
    <skipped/>
  </testcase> <!-- assertSameTesting -->
  <system-out/>
</testsuite> <!-- com.sgtesting.HardAssertion.AssertSameDemo -->
